{"__type":"$$EventMessageAudit","id":"504f201c-ef5b-4577-b96d-2a291faa59c0","ts":"2025-09-25T01:51:52.168+00:00","eventName":"n8n.audit.workflow.created","message":"n8n.audit.workflow.created","payload":{"userId":"b3f3b272-f168-48da-baaf-9a9b214986ea","_email":"almadavic@live.com","_firstName":"Victor","_lastName":"Almada","globalRole":"global:owner","workflowId":"LEoN9wu14XRs0JTl","workflowName":"My workflow"}}
{"__type":"$$EventMessageConfirm","confirm":"504f201c-ef5b-4577-b96d-2a291faa59c0","ts":"2025-09-25T01:51:52.168+00:00","source":{"id":"0","name":"eventBus"}}
{"__type":"$$EventMessageWorkflow","id":"4643c224-4426-48f3-88ab-b2dd518c9679","ts":"2025-09-25T01:51:52.361+00:00","eventName":"n8n.workflow.started","message":"n8n.workflow.started","payload":{"executionId":"1","workflowId":"LEoN9wu14XRs0JTl","isManual":false,"workflowName":"My workflow"}}
{"__type":"$$EventMessageConfirm","confirm":"4643c224-4426-48f3-88ab-b2dd518c9679","ts":"2025-09-25T01:51:52.361+00:00","source":{"id":"0","name":"eventBus"}}
{"__type":"$$EventMessageNode","id":"e9d5399e-f891-4e59-b362-aec98d515f87","ts":"2025-09-25T01:51:52.363+00:00","eventName":"n8n.node.started","message":"n8n.node.started","payload":{"workflowId":"LEoN9wu14XRs0JTl","workflowName":"My workflow","executionId":"1","nodeType":"n8n-nodes-base.manualTrigger","nodeName":"When clicking ‘Execute workflow’","nodeId":"2ff7678a-f236-4e40-902b-8073d0cebd3e"}}
{"__type":"$$EventMessageConfirm","confirm":"e9d5399e-f891-4e59-b362-aec98d515f87","ts":"2025-09-25T01:51:52.363+00:00","source":{"id":"0","name":"eventBus"}}
{"__type":"$$EventMessageNode","id":"26ef6b09-f608-43e2-803e-2527b42673c6","ts":"2025-09-25T01:51:52.368+00:00","eventName":"n8n.node.finished","message":"n8n.node.finished","payload":{"workflowId":"LEoN9wu14XRs0JTl","workflowName":"My workflow","executionId":"1","nodeType":"n8n-nodes-base.manualTrigger","nodeName":"When clicking ‘Execute workflow’","nodeId":"2ff7678a-f236-4e40-902b-8073d0cebd3e"}}
{"__type":"$$EventMessageConfirm","confirm":"26ef6b09-f608-43e2-803e-2527b42673c6","ts":"2025-09-25T01:51:52.368+00:00","source":{"id":"0","name":"eventBus"}}
{"__type":"$$EventMessageNode","id":"ffb5f291-ea4e-4185-b711-7e605fc4617d","ts":"2025-09-25T01:51:52.370+00:00","eventName":"n8n.node.started","message":"n8n.node.started","payload":{"workflowId":"LEoN9wu14XRs0JTl","workflowName":"My workflow","executionId":"1","nodeType":"CUSTOM.randomNumber","nodeName":"Random Number","nodeId":"3f08431f-d806-4b87-9a53-835a1e3c786d"}}
{"__type":"$$EventMessageConfirm","confirm":"ffb5f291-ea4e-4185-b711-7e605fc4617d","ts":"2025-09-25T01:51:52.371+00:00","source":{"id":"0","name":"eventBus"}}
{"__type":"$$EventMessageNode","id":"9a391995-78ad-42cb-bff7-0f727f94936c","ts":"2025-09-25T01:51:52.845+00:00","eventName":"n8n.node.finished","message":"n8n.node.finished","payload":{"workflowId":"LEoN9wu14XRs0JTl","workflowName":"My workflow","executionId":"1","nodeType":"CUSTOM.randomNumber","nodeName":"Random Number","nodeId":"3f08431f-d806-4b87-9a53-835a1e3c786d"}}
{"__type":"$$EventMessageConfirm","confirm":"9a391995-78ad-42cb-bff7-0f727f94936c","ts":"2025-09-25T01:51:52.845+00:00","source":{"id":"0","name":"eventBus"}}
{"__type":"$$EventMessageWorkflow","id":"5947eab7-dee4-48eb-9ef2-951e33228787","ts":"2025-09-25T01:51:52.850+00:00","eventName":"n8n.workflow.success","message":"n8n.workflow.success","payload":{"userId":"b3f3b272-f168-48da-baaf-9a9b214986ea","executionId":"1","success":true,"isManual":true,"workflowId":"LEoN9wu14XRs0JTl","workflowName":"My workflow"}}
{"__type":"$$EventMessageConfirm","confirm":"5947eab7-dee4-48eb-9ef2-951e33228787","ts":"2025-09-25T01:51:52.850+00:00","source":{"id":"0","name":"eventBus"}}
{"__type":"$$EventMessageWorkflow","id":"cbfc3788-9742-4ee1-9e70-af814ee83b21","ts":"2025-09-25T01:51:55.788+00:00","eventName":"n8n.workflow.started","message":"n8n.workflow.started","payload":{"executionId":"2","workflowId":"LEoN9wu14XRs0JTl","isManual":false,"workflowName":"My workflow"}}
{"__type":"$$EventMessageConfirm","confirm":"cbfc3788-9742-4ee1-9e70-af814ee83b21","ts":"2025-09-25T01:51:55.788+00:00","source":{"id":"0","name":"eventBus"}}
{"__type":"$$EventMessageNode","id":"ff9f73b2-9c33-40ab-9c56-f73727fc10f3","ts":"2025-09-25T01:51:55.789+00:00","eventName":"n8n.node.started","message":"n8n.node.started","payload":{"workflowId":"LEoN9wu14XRs0JTl","workflowName":"My workflow","executionId":"2","nodeType":"CUSTOM.randomNumber","nodeName":"Random Number","nodeId":"3f08431f-d806-4b87-9a53-835a1e3c786d"}}
{"__type":"$$EventMessageConfirm","confirm":"ff9f73b2-9c33-40ab-9c56-f73727fc10f3","ts":"2025-09-25T01:51:55.789+00:00","source":{"id":"0","name":"eventBus"}}
{"__type":"$$EventMessageNode","id":"bbacc8f0-e1f6-44dd-9bbf-6497bb8c21d6","ts":"2025-09-25T01:51:56.223+00:00","eventName":"n8n.node.finished","message":"n8n.node.finished","payload":{"workflowId":"LEoN9wu14XRs0JTl","workflowName":"My workflow","executionId":"2","nodeType":"CUSTOM.randomNumber","nodeName":"Random Number","nodeId":"3f08431f-d806-4b87-9a53-835a1e3c786d"}}
{"__type":"$$EventMessageConfirm","confirm":"bbacc8f0-e1f6-44dd-9bbf-6497bb8c21d6","ts":"2025-09-25T01:51:56.223+00:00","source":{"id":"0","name":"eventBus"}}
{"__type":"$$EventMessageWorkflow","id":"3f65a6cb-1aac-42d9-8ed1-03c90a1b0f74","ts":"2025-09-25T01:51:56.224+00:00","eventName":"n8n.workflow.success","message":"n8n.workflow.success","payload":{"userId":"b3f3b272-f168-48da-baaf-9a9b214986ea","executionId":"2","success":true,"isManual":true,"workflowId":"LEoN9wu14XRs0JTl","workflowName":"My workflow"}}
{"__type":"$$EventMessageConfirm","confirm":"3f65a6cb-1aac-42d9-8ed1-03c90a1b0f74","ts":"2025-09-25T01:51:56.224+00:00","source":{"id":"0","name":"eventBus"}}
{"__type":"$$EventMessageWorkflow","id":"ec03f9f2-c8aa-435b-b77f-c8a8d8485dc6","ts":"2025-09-25T01:53:50.279+00:00","eventName":"n8n.workflow.started","message":"n8n.workflow.started","payload":{"executionId":"3","workflowId":"LEoN9wu14XRs0JTl","isManual":false,"workflowName":"My workflow"}}
{"__type":"$$EventMessageConfirm","confirm":"ec03f9f2-c8aa-435b-b77f-c8a8d8485dc6","ts":"2025-09-25T01:53:50.279+00:00","source":{"id":"0","name":"eventBus"}}
{"__type":"$$EventMessageNode","id":"deb9625b-ae9a-4437-8a9e-326c28dea2b5","ts":"2025-09-25T01:53:50.280+00:00","eventName":"n8n.node.started","message":"n8n.node.started","payload":{"workflowId":"LEoN9wu14XRs0JTl","workflowName":"My workflow","executionId":"3","nodeType":"CUSTOM.randomNumber","nodeName":"Random Number","nodeId":"3f08431f-d806-4b87-9a53-835a1e3c786d"}}
{"__type":"$$EventMessageConfirm","confirm":"deb9625b-ae9a-4437-8a9e-326c28dea2b5","ts":"2025-09-25T01:53:50.280+00:00","source":{"id":"0","name":"eventBus"}}
{"__type":"$$EventMessageNode","id":"53f1d896-c7f0-41ee-8b57-a3bb8037d71b","ts":"2025-09-25T01:53:50.689+00:00","eventName":"n8n.node.finished","message":"n8n.node.finished","payload":{"workflowId":"LEoN9wu14XRs0JTl","workflowName":"My workflow","executionId":"3","nodeType":"CUSTOM.randomNumber","nodeName":"Random Number","nodeId":"3f08431f-d806-4b87-9a53-835a1e3c786d"}}
{"__type":"$$EventMessageConfirm","confirm":"53f1d896-c7f0-41ee-8b57-a3bb8037d71b","ts":"2025-09-25T01:53:50.689+00:00","source":{"id":"0","name":"eventBus"}}
{"__type":"$$EventMessageWorkflow","id":"9dedbb30-f813-470c-8f16-064c0174bf8d","ts":"2025-09-25T01:53:50.690+00:00","eventName":"n8n.workflow.success","message":"n8n.workflow.success","payload":{"userId":"b3f3b272-f168-48da-baaf-9a9b214986ea","executionId":"3","success":true,"isManual":true,"workflowId":"LEoN9wu14XRs0JTl","workflowName":"My workflow"}}
{"__type":"$$EventMessageConfirm","confirm":"9dedbb30-f813-470c-8f16-064c0174bf8d","ts":"2025-09-25T01:53:50.691+00:00","source":{"id":"0","name":"eventBus"}}
{"__type":"$$EventMessageWorkflow","id":"4810be79-8aab-4b63-8143-5eba98ecb05a","ts":"2025-09-25T01:53:51.782+00:00","eventName":"n8n.workflow.started","message":"n8n.workflow.started","payload":{"executionId":"4","workflowId":"LEoN9wu14XRs0JTl","isManual":false,"workflowName":"My workflow"}}
{"__type":"$$EventMessageConfirm","confirm":"4810be79-8aab-4b63-8143-5eba98ecb05a","ts":"2025-09-25T01:53:51.782+00:00","source":{"id":"0","name":"eventBus"}}
{"__type":"$$EventMessageNode","id":"dd02f46c-8545-454e-b0e2-b08903a01ba8","ts":"2025-09-25T01:53:51.783+00:00","eventName":"n8n.node.started","message":"n8n.node.started","payload":{"workflowId":"LEoN9wu14XRs0JTl","workflowName":"My workflow","executionId":"4","nodeType":"CUSTOM.randomNumber","nodeName":"Random Number","nodeId":"3f08431f-d806-4b87-9a53-835a1e3c786d"}}
{"__type":"$$EventMessageConfirm","confirm":"dd02f46c-8545-454e-b0e2-b08903a01ba8","ts":"2025-09-25T01:53:51.783+00:00","source":{"id":"0","name":"eventBus"}}
{"__type":"$$EventMessageNode","id":"96baae4f-53a2-4ba5-9bad-6e4f7d82b684","ts":"2025-09-25T01:53:52.222+00:00","eventName":"n8n.node.finished","message":"n8n.node.finished","payload":{"workflowId":"LEoN9wu14XRs0JTl","workflowName":"My workflow","executionId":"4","nodeType":"CUSTOM.randomNumber","nodeName":"Random Number","nodeId":"3f08431f-d806-4b87-9a53-835a1e3c786d"}}
{"__type":"$$EventMessageConfirm","confirm":"96baae4f-53a2-4ba5-9bad-6e4f7d82b684","ts":"2025-09-25T01:53:52.222+00:00","source":{"id":"0","name":"eventBus"}}
{"__type":"$$EventMessageWorkflow","id":"d02d0325-0515-4bda-b48b-6292997956a3","ts":"2025-09-25T01:53:52.224+00:00","eventName":"n8n.workflow.success","message":"n8n.workflow.success","payload":{"userId":"b3f3b272-f168-48da-baaf-9a9b214986ea","executionId":"4","success":true,"isManual":true,"workflowId":"LEoN9wu14XRs0JTl","workflowName":"My workflow"}}
{"__type":"$$EventMessageConfirm","confirm":"d02d0325-0515-4bda-b48b-6292997956a3","ts":"2025-09-25T01:53:52.224+00:00","source":{"id":"0","name":"eventBus"}}
{"__type":"$$EventMessageWorkflow","id":"044c42b6-b1af-484d-9602-88b818d919f6","ts":"2025-09-25T01:53:59.542+00:00","eventName":"n8n.workflow.started","message":"n8n.workflow.started","payload":{"executionId":"5","workflowId":"LEoN9wu14XRs0JTl","isManual":false,"workflowName":"My workflow"}}
{"__type":"$$EventMessageConfirm","confirm":"044c42b6-b1af-484d-9602-88b818d919f6","ts":"2025-09-25T01:53:59.542+00:00","source":{"id":"0","name":"eventBus"}}
{"__type":"$$EventMessageNode","id":"366346a3-bad0-4d10-8a1e-a4bceba101f1","ts":"2025-09-25T01:53:59.542+00:00","eventName":"n8n.node.started","message":"n8n.node.started","payload":{"workflowId":"LEoN9wu14XRs0JTl","workflowName":"My workflow","executionId":"5","nodeType":"CUSTOM.randomNumber","nodeName":"Random Number","nodeId":"3f08431f-d806-4b87-9a53-835a1e3c786d"}}
{"__type":"$$EventMessageConfirm","confirm":"366346a3-bad0-4d10-8a1e-a4bceba101f1","ts":"2025-09-25T01:53:59.542+00:00","source":{"id":"0","name":"eventBus"}}
{"__type":"$$EventMessageNode","id":"bbcff8ba-c83f-4ecb-af3b-216af5c72718","ts":"2025-09-25T01:53:59.940+00:00","eventName":"n8n.node.finished","message":"n8n.node.finished","payload":{"workflowId":"LEoN9wu14XRs0JTl","workflowName":"My workflow","executionId":"5","nodeType":"CUSTOM.randomNumber","nodeName":"Random Number","nodeId":"3f08431f-d806-4b87-9a53-835a1e3c786d"}}
{"__type":"$$EventMessageConfirm","confirm":"bbcff8ba-c83f-4ecb-af3b-216af5c72718","ts":"2025-09-25T01:53:59.940+00:00","source":{"id":"0","name":"eventBus"}}
{"__type":"$$EventMessageWorkflow","id":"d8bc5562-d6e2-4404-94b7-1d57428b638f","ts":"2025-09-25T01:53:59.941+00:00","eventName":"n8n.workflow.success","message":"n8n.workflow.success","payload":{"userId":"b3f3b272-f168-48da-baaf-9a9b214986ea","executionId":"5","success":true,"isManual":true,"workflowId":"LEoN9wu14XRs0JTl","workflowName":"My workflow"}}
{"__type":"$$EventMessageConfirm","confirm":"d8bc5562-d6e2-4404-94b7-1d57428b638f","ts":"2025-09-25T01:53:59.941+00:00","source":{"id":"0","name":"eventBus"}}
{"__type":"$$EventMessageWorkflow","id":"9ffb7b98-7589-46e5-a023-4435857f5401","ts":"2025-09-25T01:54:01.959+00:00","eventName":"n8n.workflow.started","message":"n8n.workflow.started","payload":{"executionId":"6","workflowId":"LEoN9wu14XRs0JTl","isManual":false,"workflowName":"My workflow"}}
{"__type":"$$EventMessageConfirm","confirm":"9ffb7b98-7589-46e5-a023-4435857f5401","ts":"2025-09-25T01:54:01.959+00:00","source":{"id":"0","name":"eventBus"}}
{"__type":"$$EventMessageNode","id":"0d72a15c-aa59-48dc-912b-e7cfb7367ac0","ts":"2025-09-25T01:54:01.959+00:00","eventName":"n8n.node.started","message":"n8n.node.started","payload":{"workflowId":"LEoN9wu14XRs0JTl","workflowName":"My workflow","executionId":"6","nodeType":"CUSTOM.randomNumber","nodeName":"Random Number","nodeId":"3f08431f-d806-4b87-9a53-835a1e3c786d"}}
{"__type":"$$EventMessageConfirm","confirm":"0d72a15c-aa59-48dc-912b-e7cfb7367ac0","ts":"2025-09-25T01:54:01.959+00:00","source":{"id":"0","name":"eventBus"}}
{"__type":"$$EventMessageNode","id":"f8740f5c-71e2-418e-9386-8a1a0c08779b","ts":"2025-09-25T01:54:02.407+00:00","eventName":"n8n.node.finished","message":"n8n.node.finished","payload":{"workflowId":"LEoN9wu14XRs0JTl","workflowName":"My workflow","executionId":"6","nodeType":"CUSTOM.randomNumber","nodeName":"Random Number","nodeId":"3f08431f-d806-4b87-9a53-835a1e3c786d"}}
{"__type":"$$EventMessageConfirm","confirm":"f8740f5c-71e2-418e-9386-8a1a0c08779b","ts":"2025-09-25T01:54:02.407+00:00","source":{"id":"0","name":"eventBus"}}
{"__type":"$$EventMessageWorkflow","id":"ddadfe07-137f-4989-a12d-e87aa16b779e","ts":"2025-09-25T01:54:02.408+00:00","eventName":"n8n.workflow.success","message":"n8n.workflow.success","payload":{"userId":"b3f3b272-f168-48da-baaf-9a9b214986ea","executionId":"6","success":true,"isManual":true,"workflowId":"LEoN9wu14XRs0JTl","workflowName":"My workflow"}}
{"__type":"$$EventMessageConfirm","confirm":"ddadfe07-137f-4989-a12d-e87aa16b779e","ts":"2025-09-25T01:54:02.408+00:00","source":{"id":"0","name":"eventBus"}}
